/Users/omar/Documents/Projects/adversarial-robustness/venv/lib/python3.13/site-packages/torchvision/datasets/cifar.py:83: VisibleDeprecationWarning: dtype(): align should be passed as Python or NumPy boolean but got `align=0`. Did you mean to pass a tuple to create a subarray type? (Deprecated NumPy 2.4)
  entry = pickle.load(f, encoding="latin1")
Device: mps
Attack: carlini-wagner L2
Num images: 500 (batch 100)

=== Model: standard (checkpoints/standard_best.pt) ===
  [100/474] success-rate=100.0%  (66.0s)
  [200/474] success-rate=100.0%  (136.2s)
  [300/474] success-rate=100.0%  (198.9s)
  [400/474] success-rate=100.0%  (275.6s)
  [474/474] success-rate=100.0%  (345.0s)
  -> success 100.0%  median L2 0.104

=== Model: robust (checkpoints/robust_best.pt) ===
  [100/421] success-rate=100.0%  (115.1s)
  [200/421] success-rate=100.0%  (240.0s)
  [300/421] success-rate=100.0%  (354.6s)
  [400/421] success-rate=100.0%  (470.9s)
  [421/421] success-rate=100.0%  (498.9s)
  -> success 100.0%  median L2 0.758

Results saved to: results/cw_l2.json
